-------------------------------------------------------------------------------
Test set: TestSuite
-------------------------------------------------------------------------------
Tests run: 4, Failures: 1, Errors: 0, Skipped: 0, Time elapsed: 40.196 s <<< FAILURE! - in TestSuite
Accademy.ValidateTitle.basePageNavigaton  Time elapsed: 9.192 s  <<< FAILURE!
java.lang.AssertionError: expected [FATURED COURSES] but found [FEATURED COURSES]
	at Accademy.ValidateTitle.basePageNavigaton(ValidateTitle.java:31)

