<?xml version="1.0" encoding="UTF-8"?>
<!-- Generated by org.testng.reporters.JUnitXMLReporter -->
<testsuite ignored="0" hostname="LAPTOP-FD7TKB4I" failures="0" tests="4" name="Test" time="25.785" errors="0" timestamp="2021-10-20T15:52:14 IST">
  <testcase classname="Accademy.ValidateTitle" name="basePageNavigaton" time="0.102"/>
  <testcase classname="Accademy.HomePage" name="basePageNavigaton" time="3.737"/>
  <testcase classname="Accademy.HomePage" name="basePageNavigaton" time="5.407"/>
  <testcase classname="Accademy.ValidateNavigation" name="basePageNavigaton" time="0.077"/>
</testsuite> <!-- Test -->
