<?xml version="1.0" encoding="UTF-8"?>
<!-- Generated by org.testng.reporters.JUnitXMLReporter -->
<testsuite ignored="0" hostname="LAPTOP-FD7TKB4I" failures="1" tests="1" name="Validate Title Test" time="9.205" errors="0" timestamp="2021-10-21T14:40:47 IST">
  <testcase classname="Accademy.ValidateTitle" name="basePageNavigaton" time="8.049">
    <failure type="java.lang.AssertionError" message="expected [FATURED COURSES] but found [FEATURED COURSES]">
      <![CDATA[java.lang.AssertionError: expected [FATURED COURSES] but found [FEATURED COURSES]
at Accademy.ValidateTitle.basePageNavigaton(ValidateTitle.java:31)
at java.base/java.util.ArrayList.forEach(ArrayList.java:1511)
... Removed 37 stack frames]]>
    </failure>
  </testcase> <!-- basePageNavigaton -->
</testsuite> <!-- Validate Title Test -->
